#0 building with "desktop-linux" instance using docker driver

#1 [internal] load build definition from Dockerfile
#1 transferring dockerfile: 697B 0.1s done
#1 DONE 0.2s

#2 [internal] load metadata for public.ecr.aws/lambda/python:3.9
#2 DONE 4.3s

#3 [internal] load .dockerignore
#3 transferring context: 2B done
#3 DONE 0.1s

#4 [internal] load build context
#4 transferring context: 10.11kB 0.1s done
#4 DONE 0.2s

#5 [1/5] FROM public.ecr.aws/lambda/python:3.9@sha256:cbf12c769f149c0b2ecc459001b6b21486eeccf576511adac3476d760efe6837
#5 resolve public.ecr.aws/lambda/python:3.9@sha256:cbf12c769f149c0b2ecc459001b6b21486eeccf576511adac3476d760efe6837 0.2s done
#5 DONE 0.7s

#5 [1/5] FROM public.ecr.aws/lambda/python:3.9@sha256:cbf12c769f149c0b2ecc459001b6b21486eeccf576511adac3476d760efe6837
#5 sha256:2949f3f1c3e002aa5a6caa2b30ae71b0b0697bf3f4c6d1ee0d01a8db4d50c7e5 0B / 15.60MB 0.2s
#5 sha256:f1cf1360e42ed120885f3009a034eab36d9f3dec8fb546bfccf258003981ab0d 0B / 60.44MB 0.2s
#5 sha256:91cb3fde16e6503502446ccd4b4fe4a4b7bac4a2519b40f6d654d29d6be2a3c9 0B / 3.77MB 0.2s
#5 sha256:cc18c1c3ef6e97f5e4053d8cbded86798acbefc1fc84aba2e750ae04e77ecf2e 0B / 417B 0.2s
#5 sha256:2949f3f1c3e002aa5a6caa2b30ae71b0b0697bf3f4c6d1ee0d01a8db4d50c7e5 2.10MB / 15.60MB 0.8s
#5 sha256:2949f3f1c3e002aa5a6caa2b30ae71b0b0697bf3f4c6d1ee0d01a8db4d50c7e5 3.15MB / 15.60MB 0.9s
#5 sha256:2949f3f1c3e002aa5a6caa2b30ae71b0b0697bf3f4c6d1ee0d01a8db4d50c7e5 5.24MB / 15.60MB 1.1s
#5 sha256:2949f3f1c3e002aa5a6caa2b30ae71b0b0697bf3f4c6d1ee0d01a8db4d50c7e5 6.29MB / 15.60MB 1.2s
#5 sha256:2949f3f1c3e002aa5a6caa2b30ae71b0b0697bf3f4c6d1ee0d01a8db4d50c7e5 8.39MB / 15.60MB 1.4s
#5 sha256:cc18c1c3ef6e97f5e4053d8cbded86798acbefc1fc84aba2e750ae04e77ecf2e 417B / 417B 1.1s done
#5 sha256:2949f3f1c3e002aa5a6caa2b30ae71b0b0697bf3f4c6d1ee0d01a8db4d50c7e5 10.49MB / 15.60MB 1.5s
#5 sha256:33c26ec1f5ee74b7a797be2dd39b508aa21f6dbedf76c0b491c247e1450f17f9 0B / 88.13kB 0.2s
#5 sha256:2949f3f1c3e002aa5a6caa2b30ae71b0b0697bf3f4c6d1ee0d01a8db4d50c7e5 11.53MB / 15.60MB 1.7s
#5 sha256:f1cf1360e42ed120885f3009a034eab36d9f3dec8fb546bfccf258003981ab0d 3.15MB / 60.44MB 1.7s
#5 sha256:2949f3f1c3e002aa5a6caa2b30ae71b0b0697bf3f4c6d1ee0d01a8db4d50c7e5 14.08MB / 15.60MB 1.8s
#5 sha256:33c26ec1f5ee74b7a797be2dd39b508aa21f6dbedf76c0b491c247e1450f17f9 88.13kB / 88.13kB 0.5s done
#5 sha256:2949f3f1c3e002aa5a6caa2b30ae71b0b0697bf3f4c6d1ee0d01a8db4d50c7e5 15.60MB / 15.60MB 2.0s
#5 sha256:91cb3fde16e6503502446ccd4b4fe4a4b7bac4a2519b40f6d654d29d6be2a3c9 1.05MB / 3.77MB 1.8s
#5 sha256:393064f630e56a881ad3ec98216eeee6245f6d62e77edfdf29a849c555c7b1d0 0B / 105.25MB 0.2s
#5 sha256:f1cf1360e42ed120885f3009a034eab36d9f3dec8fb546bfccf258003981ab0d 6.29MB / 60.44MB 2.3s
#5 sha256:91cb3fde16e6503502446ccd4b4fe4a4b7bac4a2519b40f6d654d29d6be2a3c9 2.10MB / 3.77MB 2.3s
#5 sha256:f1cf1360e42ed120885f3009a034eab36d9f3dec8fb546bfccf258003981ab0d 9.44MB / 60.44MB 2.7s
#5 sha256:91cb3fde16e6503502446ccd4b4fe4a4b7bac4a2519b40f6d654d29d6be2a3c9 3.15MB / 3.77MB 2.6s
#5 sha256:2949f3f1c3e002aa5a6caa2b30ae71b0b0697bf3f4c6d1ee0d01a8db4d50c7e5 15.60MB / 15.60MB 2.8s done
#5 sha256:91cb3fde16e6503502446ccd4b4fe4a4b7bac4a2519b40f6d654d29d6be2a3c9 3.77MB / 3.77MB 2.7s
#5 sha256:f1cf1360e42ed120885f3009a034eab36d9f3dec8fb546bfccf258003981ab0d 13.63MB / 60.44MB 3.2s
#5 sha256:91cb3fde16e6503502446ccd4b4fe4a4b7bac4a2519b40f6d654d29d6be2a3c9 3.77MB / 3.77MB 3.1s done
#5 sha256:393064f630e56a881ad3ec98216eeee6245f6d62e77edfdf29a849c555c7b1d0 7.34MB / 105.25MB 1.4s
#5 sha256:f1cf1360e42ed120885f3009a034eab36d9f3dec8fb546bfccf258003981ab0d 16.78MB / 60.44MB 3.5s
#5 sha256:393064f630e56a881ad3ec98216eeee6245f6d62e77edfdf29a849c555c7b1d0 15.73MB / 105.25MB 1.8s
#5 sha256:f1cf1360e42ed120885f3009a034eab36d9f3dec8fb546bfccf258003981ab0d 19.92MB / 60.44MB 3.8s
#5 sha256:393064f630e56a881ad3ec98216eeee6245f6d62e77edfdf29a849c555c7b1d0 24.12MB / 105.25MB 2.3s
#5 sha256:f1cf1360e42ed120885f3009a034eab36d9f3dec8fb546bfccf258003981ab0d 23.07MB / 60.44MB 4.1s
#5 sha256:f1cf1360e42ed120885f3009a034eab36d9f3dec8fb546bfccf258003981ab0d 27.26MB / 60.44MB 4.4s
#5 sha256:393064f630e56a881ad3ec98216eeee6245f6d62e77edfdf29a849c555c7b1d0 30.41MB / 105.25MB 2.7s
#5 sha256:f1cf1360e42ed120885f3009a034eab36d9f3dec8fb546bfccf258003981ab0d 30.41MB / 60.44MB 4.5s
#5 sha256:f1cf1360e42ed120885f3009a034eab36d9f3dec8fb546bfccf258003981ab0d 34.60MB / 60.44MB 4.8s
#5 sha256:393064f630e56a881ad3ec98216eeee6245f6d62e77edfdf29a849c555c7b1d0 37.75MB / 105.25MB 3.2s
#5 sha256:f1cf1360e42ed120885f3009a034eab36d9f3dec8fb546bfccf258003981ab0d 37.75MB / 60.44MB 5.0s
#5 sha256:f1cf1360e42ed120885f3009a034eab36d9f3dec8fb546bfccf258003981ab0d 42.99MB / 60.44MB 5.3s
#5 sha256:393064f630e56a881ad3ec98216eeee6245f6d62e77edfdf29a849c555c7b1d0 46.14MB / 105.25MB 3.6s
#5 sha256:f1cf1360e42ed120885f3009a034eab36d9f3dec8fb546bfccf258003981ab0d 47.19MB / 60.44MB 5.6s
#5 sha256:f1cf1360e42ed120885f3009a034eab36d9f3dec8fb546bfccf258003981ab0d 50.33MB / 60.44MB 5.7s
#5 sha256:393064f630e56a881ad3ec98216eeee6245f6d62e77edfdf29a849c555c7b1d0 53.48MB / 105.25MB 4.1s
#5 sha256:f1cf1360e42ed120885f3009a034eab36d9f3dec8fb546bfccf258003981ab0d 54.53MB / 60.44MB 6.0s
#5 sha256:f1cf1360e42ed120885f3009a034eab36d9f3dec8fb546bfccf258003981ab0d 57.67MB / 60.44MB 6.2s
#5 sha256:393064f630e56a881ad3ec98216eeee6245f6d62e77edfdf29a849c555c7b1d0 60.82MB / 105.25MB 4.5s
#5 sha256:393064f630e56a881ad3ec98216eeee6245f6d62e77edfdf29a849c555c7b1d0 69.21MB / 105.25MB 4.8s
#5 sha256:393064f630e56a881ad3ec98216eeee6245f6d62e77edfdf29a849c555c7b1d0 83.89MB / 105.25MB 5.4s
#5 sha256:393064f630e56a881ad3ec98216eeee6245f6d62e77edfdf29a849c555c7b1d0 91.23MB / 105.25MB 6.8s
#5 sha256:f1cf1360e42ed120885f3009a034eab36d9f3dec8fb546bfccf258003981ab0d 60.44MB / 60.44MB 8.9s done
#5 sha256:393064f630e56a881ad3ec98216eeee6245f6d62e77edfdf29a849c555c7b1d0 97.52MB / 105.25MB 7.2s
#5 sha256:393064f630e56a881ad3ec98216eeee6245f6d62e77edfdf29a849c555c7b1d0 103.81MB / 105.25MB 7.5s
#5 sha256:393064f630e56a881ad3ec98216eeee6245f6d62e77edfdf29a849c555c7b1d0 105.25MB / 105.25MB 9.6s done
#5 extracting sha256:393064f630e56a881ad3ec98216eeee6245f6d62e77edfdf29a849c555c7b1d0
#5 extracting sha256:393064f630e56a881ad3ec98216eeee6245f6d62e77edfdf29a849c555c7b1d0 4.2s done
#5 extracting sha256:33c26ec1f5ee74b7a797be2dd39b508aa21f6dbedf76c0b491c247e1450f17f9
#5 extracting sha256:33c26ec1f5ee74b7a797be2dd39b508aa21f6dbedf76c0b491c247e1450f17f9 0.1s done
#5 DONE 16.6s

#5 [1/5] FROM public.ecr.aws/lambda/python:3.9@sha256:cbf12c769f149c0b2ecc459001b6b21486eeccf576511adac3476d760efe6837
#5 extracting sha256:cc18c1c3ef6e97f5e4053d8cbded86798acbefc1fc84aba2e750ae04e77ecf2e 0.1s done
#5 extracting sha256:91cb3fde16e6503502446ccd4b4fe4a4b7bac4a2519b40f6d654d29d6be2a3c9
#5 extracting sha256:91cb3fde16e6503502446ccd4b4fe4a4b7bac4a2519b40f6d654d29d6be2a3c9 0.2s done
#5 DONE 16.9s

#5 [1/5] FROM public.ecr.aws/lambda/python:3.9@sha256:cbf12c769f149c0b2ecc459001b6b21486eeccf576511adac3476d760efe6837
#5 extracting sha256:f1cf1360e42ed120885f3009a034eab36d9f3dec8fb546bfccf258003981ab0d
#5 extracting sha256:f1cf1360e42ed120885f3009a034eab36d9f3dec8fb546bfccf258003981ab0d 3.0s done
#5 DONE 19.8s

#5 [1/5] FROM public.ecr.aws/lambda/python:3.9@sha256:cbf12c769f149c0b2ecc459001b6b21486eeccf576511adac3476d760efe6837
#5 extracting sha256:2949f3f1c3e002aa5a6caa2b30ae71b0b0697bf3f4c6d1ee0d01a8db4d50c7e5
#5 extracting sha256:2949f3f1c3e002aa5a6caa2b30ae71b0b0697bf3f4c6d1ee0d01a8db4d50c7e5 1.4s done
#5 DONE 21.2s

#6 [2/5] COPY requirements_deploy.txt .
#6 DONE 22.4s

#7 [3/5] RUN pip install --default-timeout=1000 --no-cache-dir -r requirements_deploy.txt
#7 1.338 Looking in indexes: https://pypi.org/simple, https://download.pytorch.org/whl/cpu
#7 4.436 Collecting torch
#7 4.436   Obtaining dependency information for torch from https://download-r2.pytorch.org/whl/cpu/torch-2.6.0%2Bcpu-cp39-cp39-linux_x86_64.whl.metadata
#7 5.314   Downloading https://download-r2.pytorch.org/whl/cpu/torch-2.6.0%2Bcpu-cp39-cp39-linux_x86_64.whl.metadata (26 kB)
#7 6.852 Collecting torchvision
#7 6.852   Obtaining dependency information for torchvision from https://download-r2.pytorch.org/whl/cpu/torchvision-0.21.0%2Bcpu-cp39-cp39-linux_x86_64.whl.metadata
#7 7.210   Downloading https://download-r2.pytorch.org/whl/cpu/torchvision-0.21.0%2Bcpu-cp39-cp39-linux_x86_64.whl.metadata (6.1 kB)
#7 9.839 Collecting numpy
#7 9.839   Obtaining dependency information for numpy from https://files.pythonhosted.org/packages/b9/14/78635daab4b07c0930c919d451b8bf8c164774e6a3413aed04a6d95758ce/numpy-2.0.2-cp39-cp39-manylinux_2_17_x86_64.manylinux2014_x86_64.whl.metadata
#7 10.13   Downloading numpy-2.0.2-cp39-cp39-manylinux_2_17_x86_64.manylinux2014_x86_64.whl.metadata (60 kB)
#7 10.19      ━━━━━━━━━━━━━━━━━━━━━━━━━━━━━━━━━━━━━━━ 60.9/60.9 kB 850.6 kB/s eta 0:00:00
#7 13.54 Collecting pillow
#7 13.54   Obtaining dependency information for pillow from https://files.pythonhosted.org/packages/5e/c6/1a230ec0067243cbd60bc2dad5dc3ab46a8a41e21c15f5c9b52b26873069/pillow-11.3.0-cp39-cp39-manylinux2014_x86_64.manylinux_2_17_x86_64.whl.metadata
#7 13.87   Downloading pillow-11.3.0-cp39-cp39-manylinux2014_x86_64.manylinux_2_17_x86_64.whl.metadata (9.0 kB)
#7 14.97 Collecting onnxruntime
#7 15.32   Downloading onnxruntime-1.16.3-cp39-cp39-manylinux_2_17_x86_64.manylinux2014_x86_64.whl (6.4 MB)
#7 17.09      ━━━━━━━━━━━━━━━━━━━━━━━━━━━━━━━━━━━━━━━━ 6.4/6.4 MB 3.6 MB/s eta 0:00:00
#7 18.64 Collecting networkx
#7 18.64   Obtaining dependency information for networkx from https://files.pythonhosted.org/packages/d5/f0/8fbc882ca80cf077f1b246c0e3c3465f7f415439bdea6b899f6b19f61f70/networkx-3.2.1-py3-none-any.whl.metadata
#7 18.72   Downloading networkx-3.2.1-py3-none-any.whl.metadata (5.2 kB)
#7 19.22 Collecting fsspec
#7 19.22   Obtaining dependency information for fsspec from https://files.pythonhosted.org/packages/eb/02/a6b21098b1d5d6249b7c5ab69dde30108a71e4e819d4a9778f1de1d5b70d/fsspec-2025.10.0-py3-none-any.whl.metadata
#7 19.32   Downloading fsspec-2025.10.0-py3-none-any.whl.metadata (10 kB)
#7 20.49 Collecting filelock
#7 20.49   Obtaining dependency information for filelock from https://files.pythonhosted.org/packages/42/14/42b2651a2f46b022ccd948bca9f2d5af0fd8929c4eec235b8d6d844fbe67/filelock-3.19.1-py3-none-any.whl.metadata
#7 20.53   Downloading filelock-3.19.1-py3-none-any.whl.metadata (2.1 kB)
#7 21.04 Collecting typing-extensions>=4.10.0
#7 21.04   Obtaining dependency information for typing-extensions>=4.10.0 from https://download.pytorch.org/whl/typing_extensions-4.15.0-py3-none-any.whl.metadata
#7 21.10   Downloading https://download.pytorch.org/whl/typing_extensions-4.15.0-py3-none-any.whl.metadata (3.3 kB)
#7 21.10 Discarding https://download.pytorch.org/whl/typing_extensions-4.15.0-py3-none-any.whl (from https://download.pytorch.org/whl/cpu/typing-extensions/): Requested typing-extensions>=4.10.0 from https://download.pytorch.org/whl/typing_extensions-4.15.0-py3-none-any.whl (from torch->-r requirements_deploy.txt (line 2)) has inconsistent Name: expected 'typing-extensions', but metadata has 'typing_extensions'
#7 21.14   Downloading typing_extensions-4.15.0-py3-none-any.whl (44 kB)
#7 21.15      ━━━━━━━━━━━━━━━━━━━━━━━━━━━━━━━━━━━━━━━━ 44.6/44.6 kB 9.7 MB/s eta 0:00:00
#7 22.02 Collecting jinja2
#7 22.02   Obtaining dependency information for jinja2 from https://download.pytorch.org/whl/jinja2-3.1.6-py3-none-any.whl.metadata
#7 22.12   Downloading https://download.pytorch.org/whl/jinja2-3.1.6-py3-none-any.whl.metadata (2.9 kB)
#7 22.12 Discarding https://download.pytorch.org/whl/jinja2-3.1.6-py3-none-any.whl (from https://download.pytorch.org/whl/cpu/jinja2/): Requested jinja2 from https://download.pytorch.org/whl/jinja2-3.1.6-py3-none-any.whl (from torch->-r requirements_deploy.txt (line 2)) has inconsistent Name: expected 'jinja2', but metadata has 'Jinja2'
#7 22.17   Downloading jinja2-3.1.6-py3-none-any.whl (134 kB)
#7 22.24      ━━━━━━━━━━━━━━━━━━━━━━━━━━━━━━━━━━━━━━━ 134.9/134.9 kB 2.0 MB/s eta 0:00:00
#7 23.39 Collecting sympy==1.13.1
#7 23.39   Obtaining dependency information for sympy==1.13.1 from https://files.pythonhosted.org/packages/b2/fe/81695a1aa331a842b582453b605175f419fe8540355886031328089d840a/sympy-1.13.1-py3-none-any.whl.metadata
#7 23.53   Downloading sympy-1.13.1-py3-none-any.whl.metadata (12 kB)
#7 24.61 Collecting mpmath<1.4,>=1.1.0
#7 24.61   Obtaining dependency information for mpmath<1.4,>=1.1.0 from https://files.pythonhosted.org/packages/43/e3/7d92a15f894aa0c9c4b49b8ee9ac9850d6e63b03c9c32c0367a13ae62209/mpmath-1.3.0-py3-none-any.whl.metadata
#7 24.75   Downloading mpmath-1.3.0-py3-none-any.whl.metadata (8.6 kB)
#7 25.42 Collecting flatbuffers
#7 25.54   Downloading flatbuffers-25.12.19-py2.py3-none-any.whl (26 kB)
#7 26.47 Collecting coloredlogs
#7 26.52   Downloading coloredlogs-15.0.1-py2.py3-none-any.whl (46 kB)
#7 26.59      ━━━━━━━━━━━━━━━━━━━━━━━━━━━━━━━━━━━━━━━ 46.0/46.0 kB 532.3 kB/s eta 0:00:00
#7 27.59 Collecting packaging
#7 27.65   Downloading packaging-26.1-py3-none-any.whl (95 kB)
#7 27.65      ━━━━━━━━━━━━━━━━━━━━━━━━━━━━━━━━━━━━━━━ 95.8/95.8 kB 156.7 MB/s eta 0:00:00
#7 28.86 Collecting protobuf
#7 28.92   Downloading protobuf-6.33.6-cp39-abi3-manylinux2014_x86_64.whl (323 kB)
#7 28.97      ━━━━━━━━━━━━━━━━━━━━━━━━━━━━━━━━━━━━━━━ 323.4/323.4 kB 7.6 MB/s eta 0:00:00
#7 29.83 Collecting humanfriendly>=9.1
#7 29.88   Downloading humanfriendly-10.0-py2.py3-none-any.whl (86 kB)
#7 29.90      ━━━━━━━━━━━━━━━━━━━━━━━━━━━━━━━━━━━━━━━━ 86.8/86.8 kB 6.8 MB/s eta 0:00:00
#7 31.25 Collecting MarkupSafe>=2.0
#7 31.33   Downloading markupsafe-3.0.3-cp39-cp39-manylinux2014_x86_64.manylinux_2_17_x86_64.manylinux_2_28_x86_64.whl (20 kB)
#7 31.75 Downloading https://download-r2.pytorch.org/whl/cpu/torch-2.6.0%2Bcpu-cp39-cp39-linux_x86_64.whl (178.6 MB)
#7 44.22    ━━━━━━━━━━━━━━━━━━━━━━━━━━━━━━━━━━━━━━━━ 178.6/178.6 MB 12.6 MB/s eta 0:00:00
#7 44.26 Downloading sympy-1.13.1-py3-none-any.whl (6.2 MB)
#7 44.95    ━━━━━━━━━━━━━━━━━━━━━━━━━━━━━━━━━━━━━━━━ 6.2/6.2 MB 9.0 MB/s eta 0:00:00
#7 45.39 Downloading https://download-r2.pytorch.org/whl/cpu/torchvision-0.21.0%2Bcpu-cp39-cp39-linux_x86_64.whl (1.8 MB)
#7 45.51    ━━━━━━━━━━━━━━━━━━━━━━━━━━━━━━━━━━━━━━━━ 1.8/1.8 MB 15.2 MB/s eta 0:00:00
#7 45.55 Downloading numpy-2.0.2-cp39-cp39-manylinux_2_17_x86_64.manylinux2014_x86_64.whl (19.5 MB)
#7 47.66    ━━━━━━━━━━━━━━━━━━━━━━━━━━━━━━━━━━━━━━━━ 19.5/19.5 MB 9.5 MB/s eta 0:00:00
#7 47.97 Downloading pillow-11.3.0-cp39-cp39-manylinux2014_x86_64.manylinux_2_17_x86_64.whl (7.6 MB)
#7 49.64    ━━━━━━━━━━━━━━━━━━━━━━━━━━━━━━━━━━━━━━━━ 7.6/7.6 MB 4.6 MB/s eta 0:00:00
#7 49.79 Downloading filelock-3.19.1-py3-none-any.whl (15 kB)
#7 49.89 Downloading fsspec-2025.10.0-py3-none-any.whl (200 kB)
#7 49.90    ━━━━━━━━━━━━━━━━━━━━━━━━━━━━━━━━━━━━━━━━ 201.0/201.0 kB 20.4 MB/s eta 0:00:00
#7 49.97 Downloading networkx-3.2.1-py3-none-any.whl (1.6 MB)
#7 50.08    ━━━━━━━━━━━━━━━━━━━━━━━━━━━━━━━━━━━━━━━━ 1.6/1.6 MB 15.9 MB/s eta 0:00:00
#7 50.12 Downloading mpmath-1.3.0-py3-none-any.whl (536 kB)
#7 50.17    ━━━━━━━━━━━━━━━━━━━━━━━━━━━━━━━━━━━━━━━━ 536.2/536.2 kB 11.5 MB/s eta 0:00:00
#7 50.23 Downloading https://download-r2.pytorch.org/whl/cpu/torch-2.6.0%2Bcpu-cp39-cp39-linux_x86_64.whl (178.6 MB)
#7 61.60    ━━━━━━━━━━━━━━━━━━━━━━━━━━━━━━━━━━━━━━━━ 178.6/178.6 MB 18.7 MB/s eta 0:00:00
#7 61.90 Downloading sympy-1.13.1-py3-none-any.whl (6.2 MB)
#7 62.38    ━━━━━━━━━━━━━━━━━━━━━━━━━━━━━━━━━━━━━━━━ 6.2/6.2 MB 13.1 MB/s eta 0:00:00
#7 62.44 Downloading https://download-r2.pytorch.org/whl/cpu/torchvision-0.21.0%2Bcpu-cp39-cp39-linux_x86_64.whl (1.8 MB)
#7 62.55    ━━━━━━━━━━━━━━━━━━━━━━━━━━━━━━━━━━━━━━━━ 1.8/1.8 MB 17.5 MB/s eta 0:00:00
#7 62.59 Downloading numpy-2.0.2-cp39-cp39-manylinux_2_17_x86_64.manylinux2014_x86_64.whl (19.5 MB)
#7 64.27    ━━━━━━━━━━━━━━━━━━━━━━━━━━━━━━━━━━━━━━━━ 19.5/19.5 MB 10.8 MB/s eta 0:00:00
#7 64.35 Downloading pillow-11.3.0-cp39-cp39-manylinux2014_x86_64.manylinux_2_17_x86_64.whl (7.6 MB)
#7 65.09    ━━━━━━━━━━━━━━━━━━━━━━━━━━━━━━━━━━━━━━━━ 7.6/7.6 MB 10.4 MB/s eta 0:00:00
#7 65.14 Downloading filelock-3.19.1-py3-none-any.whl (15 kB)
#7 65.20 Downloading fsspec-2025.10.0-py3-none-any.whl (200 kB)
#7 65.21    ━━━━━━━━━━━━━━━━━━━━━━━━━━━━━━━━━━━━━━━━ 201.0/201.0 kB 31.0 MB/s eta 0:00:00
#7 65.28 Downloading networkx-3.2.1-py3-none-any.whl (1.6 MB)
#7 65.47    ━━━━━━━━━━━━━━━━━━━━━━━━━━━━━━━━━━━━━━━━ 1.6/1.6 MB 8.8 MB/s eta 0:00:00
#7 65.52 Downloading mpmath-1.3.0-py3-none-any.whl (536 kB)
#7 65.58    ━━━━━━━━━━━━━━━━━━━━━━━━━━━━━━━━━━━━━━━━ 536.2/536.2 kB 8.9 MB/s eta 0:00:00
#7 65.87 Installing collected packages: mpmath, flatbuffers, typing-extensions, sympy, protobuf, pillow, packaging, numpy, networkx, MarkupSafe, humanfriendly, fsspec, filelock, jinja2, coloredlogs, torch, onnxruntime, torchvision
#7 141.6 Successfully installed MarkupSafe-3.0.3 coloredlogs-15.0.1 filelock-3.19.1 flatbuffers-25.12.19 fsspec-2025.10.0 humanfriendly-10.0 jinja2-3.1.6 mpmath-1.3.0 networkx-3.2.1 numpy-2.0.2 onnxruntime-1.16.3 packaging-26.1 pillow-11.3.0 protobuf-6.33.6 sympy-1.13.1 torch-2.6.0+cpu torchvision-0.21.0+cpu typing-extensions-4.15.0
#7 141.6 WARNING: Running pip as the 'root' user can result in broken permissions and conflicting behaviour with the system package manager. It is recommended to use a virtual environment instead: https://pip.pypa.io/warnings/venv
#7 142.0 
#7 142.0 [notice] A new release of pip is available: 23.0.1 -> 26.0.1
#7 142.0 [notice] To update, run: pip install --upgrade pip
#7 DONE 148.4s

#8 [4/5] COPY src/ ./src/
#8 DONE 0.6s

#9 [5/5] COPY deployment/lambda_function.py .
#9 DONE 0.3s

#10 exporting to image
#10 exporting layers
#10 exporting layers 35.3s done
#10 exporting manifest sha256:a0c79c91274350a64ae857ce8edbc8f80fa66c7ea5a12409e9d8d9e6042c7fff 0.1s done
#10 exporting config sha256:d1e537dfcd8a76776863e9306604870177f4b0bca005241b2493b1141055750d 0.1s done
#10 naming to docker.io/library/mobilenet-repo:latest
#10 naming to docker.io/library/mobilenet-repo:latest 0.0s done
#10 unpacking to docker.io/library/mobilenet-repo:latest
#10 unpacking to docker.io/library/mobilenet-repo:latest 42.5s done
#10 DONE 77.9s
